Namespace(batch_size=10, epochs=2, lr=0.0001, max_len=32, seed=42, train_split='80%')
device cuda
Found cached dataset ag_news (/home/ys724/.cache/huggingface/datasets/ag_news/default/0.0.0/bc2bcb40336ace1a0374767fc29bb0296cdaf8a6da7298436239c54d79180548)
Found cached dataset ag_news (/home/ys724/.cache/huggingface/datasets/ag_news/default/0.0.0/bc2bcb40336ace1a0374767fc29bb0296cdaf8a6da7298436239c54d79180548)
Epoch 0
[Training...]
/home/ys724/.local/lib/python3.8/site-packages/transformers/models/byt5/tokenization_byt5.py:149: UserWarning: This sequence already has </s>. In future versions this behavior may lead to duplicated eos tokens being added.
  warnings.warn(
Completed 0, Loss: 5.834940433502197
Completed 100, Loss: 2.8767168521881104
Completed 200, Loss: 2.395714282989502
Completed 300, Loss: 1.4720268249511719
Completed 400, Loss: 0.9157959818840027
Completed 500, Loss: 0.7131967544555664
Completed 600, Loss: 0.4124813675880432
Completed 700, Loss: 0.32815805077552795
Completed 800, Loss: 0.21825236082077026
Completed 900, Loss: 0.291510671377182
Completed 1000, Loss: 0.23271694779396057
Completed 1100, Loss: 0.18299368023872375
Completed 1200, Loss: 0.16294081509113312
Completed 1300, Loss: 0.16932712495326996
Completed 1400, Loss: 0.15875397622585297
Completed 1500, Loss: 0.1451396495103836
Completed 1600, Loss: 0.12309969961643219
Completed 1700, Loss: 0.11874377727508545
Completed 1800, Loss: 0.1464167982339859
Completed 1900, Loss: 0.1168588325381279
Completed 2000, Loss: 0.09875155240297318
Completed 2100, Loss: 0.10087881237268448
Completed 2200, Loss: 0.11127477884292603
Completed 2300, Loss: 0.10710383206605911
Completed 2400, Loss: 0.11012952029705048
Completed 2500, Loss: 0.10166109353303909
Completed 2600, Loss: 0.0999937355518341
Completed 2700, Loss: 0.11118879914283752
Completed 2800, Loss: 0.09622347354888916
Completed 2900, Loss: 0.11537140607833862
Completed 3000, Loss: 0.09777529537677765
Completed 3100, Loss: 0.11749902367591858
Completed 3200, Loss: 0.14432626962661743
Completed 3300, Loss: 0.11944223195314407
Completed 3400, Loss: 0.0974954292178154
Completed 3500, Loss: 0.11986354738473892
Completed 3600, Loss: 0.09160251170396805
Completed 3700, Loss: 0.09388900548219681
Completed 3800, Loss: 0.11008436977863312
Completed 3900, Loss: 0.09550013393163681
Completed 4000, Loss: 0.09802883863449097
Completed 4100, Loss: 0.12926334142684937
Completed 4200, Loss: 0.1459456980228424
Completed 4300, Loss: 0.09475439786911011
Completed 4400, Loss: 0.09735425561666489
Completed 4500, Loss: 0.07852920144796371
Completed 4600, Loss: 0.12817184627056122
Completed 4700, Loss: 0.11532121151685715
Completed 4800, Loss: 0.09223081171512604
Completed 4900, Loss: 0.13902093470096588
Completed 5000, Loss: 0.06413021683692932
Completed 5100, Loss: 0.10207824409008026
Completed 5200, Loss: 0.08345428109169006
Completed 5300, Loss: 0.07339006662368774
Completed 5400, Loss: 0.11800744384527206
Completed 5500, Loss: 0.10661642253398895
Completed 5600, Loss: 0.10785262286663055
Completed 5700, Loss: 0.08328060060739517
Completed 5800, Loss: 0.05275709554553032
Completed 5900, Loss: 0.07692605257034302
Completed 6000, Loss: 0.061229635030031204
Completed 6100, Loss: 0.13206857442855835
Completed 6200, Loss: 0.08381758630275726
Completed 6300, Loss: 0.09509530663490295
Completed 6400, Loss: 0.07735640555620193
Completed 6500, Loss: 0.1080879345536232
Completed 6600, Loss: 0.09606251865625381
Completed 6700, Loss: 0.06812770664691925
Completed 6800, Loss: 0.10115489363670349
Completed 6900, Loss: 0.08350022882223129
Completed 7000, Loss: 0.08098265528678894
Completed 7100, Loss: 0.06906576454639435
Completed 7200, Loss: 0.12705537676811218
Completed 7300, Loss: 0.10539683699607849
Completed 7400, Loss: 0.09452185779809952
Completed 7500, Loss: 0.09111706167459488
Completed 7600, Loss: 0.0816933885216713
Completed 7700, Loss: 0.08114521950483322
Completed 7800, Loss: 0.07778733223676682
Completed 7900, Loss: 0.11313918232917786
Completed 8000, Loss: 0.11117597669363022
Completed 8100, Loss: 0.08938344568014145
Completed 8200, Loss: 0.08203672617673874
Completed 8300, Loss: 0.07872593402862549
Completed 8400, Loss: 0.07526029646396637
Completed 8500, Loss: 0.06784728914499283
Completed 8600, Loss: 0.08302599936723709
Completed 8700, Loss: 0.06176067516207695
Completed 8800, Loss: 0.07014451175928116
Completed 8900, Loss: 0.08260779827833176
Completed 9000, Loss: 0.0707058385014534
Completed 9100, Loss: 0.07778602093458176
Completed 9200, Loss: 0.06611105054616928
Completed 9300, Loss: 0.10609543323516846
Completed 9400, Loss: 0.07083232700824738
Completed 9500, Loss: 0.07492734491825104
[Validating...]
Completed 0
Generating Text
Epoch 1
[Training...]
Completed 0, Loss: 0.05729130282998085
Completed 100, Loss: 0.10369634628295898
Completed 200, Loss: 0.07385365664958954
Completed 300, Loss: 0.07851359993219376
Completed 400, Loss: 0.06452327966690063
Completed 500, Loss: 0.07372783869504929
Completed 600, Loss: 0.07310254871845245
Completed 700, Loss: 0.08128003776073456
Completed 800, Loss: 0.08759325742721558
Completed 900, Loss: 0.06817204505205154
Completed 1000, Loss: 0.07441695779561996
Completed 1100, Loss: 0.08000598102807999
Completed 1200, Loss: 0.06325216591358185
Completed 1300, Loss: 0.06017712131142616
Completed 1400, Loss: 0.08824658393859863
Completed 1500, Loss: 0.06181017681956291
Completed 1600, Loss: 0.09620484709739685
Completed 1700, Loss: 0.042482808232307434
Completed 1800, Loss: 0.069904625415802
Completed 1900, Loss: 0.07576551288366318
Completed 2000, Loss: 0.04108536243438721
Completed 2100, Loss: 0.05077193304896355
Completed 2200, Loss: 0.05004202947020531
Completed 2300, Loss: 0.06454391777515411
Completed 2400, Loss: 0.08616085350513458
Completed 2500, Loss: 0.07693518698215485
Completed 2600, Loss: 0.06676824390888214
Completed 2700, Loss: 0.0647134929895401
Completed 2800, Loss: 0.1039930060505867
Completed 2900, Loss: 0.06770875304937363
Completed 3000, Loss: 0.09087483584880829
Completed 3100, Loss: 0.06283242255449295
Completed 3200, Loss: 0.05831184983253479
Completed 3300, Loss: 0.07125017046928406
Completed 3400, Loss: 0.06563444435596466
Completed 3500, Loss: 0.059751249849796295
Completed 3600, Loss: 0.09014258533716202
Completed 3700, Loss: 0.057860542088747025
Completed 3800, Loss: 0.06553805619478226
Completed 3900, Loss: 0.08020279556512833
Completed 4000, Loss: 0.044111307710409164
Completed 4100, Loss: 0.05944971740245819
Completed 4200, Loss: 0.07007154077291489
Completed 4300, Loss: 0.0591583251953125
Completed 4400, Loss: 0.044819511473178864
Completed 4500, Loss: 0.06800995767116547
Completed 4600, Loss: 0.07230059057474136
Completed 4700, Loss: 0.0599864162504673
Completed 4800, Loss: 0.0686621442437172
Completed 4900, Loss: 0.04505214840173721
Completed 5000, Loss: 0.08315329998731613
Completed 5100, Loss: 0.05715456232428551
Completed 5200, Loss: 0.07321041077375412
Completed 5300, Loss: 0.1229100450873375
Completed 5400, Loss: 0.062157873064279556
Completed 5500, Loss: 0.07511826604604721
Completed 5600, Loss: 0.059317298233509064
Completed 5700, Loss: 0.09176603704690933
Completed 5800, Loss: 0.06513109803199768
Completed 5900, Loss: 0.059346966445446014
Completed 6000, Loss: 0.06298606842756271
Completed 6100, Loss: 0.06663348525762558
Completed 6200, Loss: 0.074520543217659
Completed 6300, Loss: 0.09846548736095428
Completed 6400, Loss: 0.06511995941400528
Completed 6500, Loss: 0.04929521679878235
Completed 6600, Loss: 0.06304618716239929
Completed 6700, Loss: 0.08061492443084717
Completed 6800, Loss: 0.07419206947088242
Completed 6900, Loss: 0.0835408866405487
Completed 7000, Loss: 0.06218830868601799
Completed 7100, Loss: 0.07557060569524765
Completed 7200, Loss: 0.06771351397037506
Completed 7300, Loss: 0.06457588821649551
Completed 7400, Loss: 0.08151945471763611
Completed 7500, Loss: 0.10254786908626556
Completed 7600, Loss: 0.037564005702733994
Completed 7700, Loss: 0.0977979227900505
Completed 7800, Loss: 0.08491651713848114
Completed 7900, Loss: 0.060711104422807693
Completed 8000, Loss: 0.07401753962039948
Completed 8100, Loss: 0.10005082935094833
Completed 8200, Loss: 0.057835232466459274
Completed 8300, Loss: 0.10987776517868042
Completed 8400, Loss: 0.07404062151908875
Completed 8500, Loss: 0.05049019306898117
Completed 8600, Loss: 0.07400839775800705
Completed 8700, Loss: 0.07161763310432434
Completed 8800, Loss: 0.0649929940700531
Completed 8900, Loss: 0.08805464208126068
Completed 9000, Loss: 0.08096920698881149
Completed 9100, Loss: 0.07886798679828644
Completed 9200, Loss: 0.0586223304271698
Completed 9300, Loss: 0.07910003513097763
Completed 9400, Loss: 0.056444473564624786
Completed 9500, Loss: 0.07605087757110596
[Validating...]
Completed 0
Generating Text
